nohup: 忽略输入
2026-05-09 23:48:39,112 [seed.py] => Auto-selected cuda:6 (24.1 GB free)
/sdb/syc/envs/sema_env/lib/python3.11/site-packages/torchvision/datasets/cifar.py:83: VisibleDeprecationWarning: dtype(): align should be passed as Python or NumPy boolean but got `align=0`. Did you mean to pass a tuple to create a subarray type? (Deprecated NumPy 2.4)
  entry = pickle.load(f, encoding="latin1")
Files already downloaded and verified
Files already downloaded and verified
2026-05-09 23:48:41,292 [data_manager.py] => [68, 56, 78, 8, 23, 84, 90, 65, 74, 76, 40, 89, 3, 92, 55, 9, 26, 80, 43, 38, 58, 70, 77, 1, 85, 19, 17, 50, 28, 53, 13, 81, 45, 82, 6, 59, 83, 16, 15, 44, 91, 41, 72, 60, 79, 52, 20, 10, 31, 54, 37, 95, 14, 71, 96, 98, 97, 2, 64, 66, 42, 22, 35, 86, 24, 34, 87, 21, 99, 0, 88, 27, 18, 94, 11, 12, 47, 25, 30, 46, 62, 69, 36, 61, 7, 63, 75, 5, 32, 4, 51, 48, 73, 93, 39, 67, 29, 49, 57, 33]
This is for the BaseNet initialization.
I'm using ViT with adapters.
2026-05-09 23:48:42,375 [sema_block.py] => Adapter 0.0 added at block 0
2026-05-09 23:48:42,465 [sema_block.py] => Adapter 1.0 added at block 1
2026-05-09 23:48:42,555 [sema_block.py] => Adapter 2.0 added at block 2
2026-05-09 23:48:42,645 [sema_block.py] => Adapter 3.0 added at block 3
2026-05-09 23:48:42,734 [sema_block.py] => Adapter 4.0 added at block 4
2026-05-09 23:48:42,824 [sema_block.py] => Adapter 5.0 added at block 5
2026-05-09 23:48:42,913 [sema_block.py] => Adapter 6.0 added at block 6
2026-05-09 23:48:43,003 [sema_block.py] => Adapter 7.0 added at block 7
2026-05-09 23:48:43,094 [sema_block.py] => Adapter 8.0 added at block 8
2026-05-09 23:48:43,188 [sema_block.py] => Adapter 9.0 added at block 9
2026-05-09 23:48:43,282 [sema_block.py] => Adapter 10.0 added at block 10
2026-05-09 23:48:43,377 [sema_block.py] => Adapter 11.0 added at block 11
_IncompatibleKeys(missing_keys=['blocks.0.adapter_module.adapters.0.functional.down_proj.weight', 'blocks.0.adapter_module.adapters.0.functional.down_proj.bias', 'blocks.0.adapter_module.adapters.0.functional.up_proj.weight', 'blocks.0.adapter_module.adapters.0.functional.up_proj.bias', 'blocks.0.adapter_module.router.weight', 'blocks.0.adapter_module.router.bias', 'blocks.1.adapter_module.adapters.0.functional.down_proj.weight', 'blocks.1.adapter_module.adapters.0.functional.down_proj.bias', 'blocks.1.adapter_module.adapters.0.functional.up_proj.weight', 'blocks.1.adapter_module.adapters.0.functional.up_proj.bias', 'blocks.1.adapter_module.router.weight', 'blocks.1.adapter_module.router.bias', 'blocks.2.adapter_module.adapters.0.functional.down_proj.weight', 'blocks.2.adapter_module.adapters.0.functional.down_proj.bias', 'blocks.2.adapter_module.adapters.0.functional.up_proj.weight', 'blocks.2.adapter_module.adapters.0.functional.up_proj.bias', 'blocks.2.adapter_module.router.weight', 'blocks.2.adapter_module.router.bias', 'blocks.3.adapter_module.adapters.0.functional.down_proj.weight', 'blocks.3.adapter_module.adapters.0.functional.down_proj.bias', 'blocks.3.adapter_module.adapters.0.functional.up_proj.weight', 'blocks.3.adapter_module.adapters.0.functional.up_proj.bias', 'blocks.3.adapter_module.router.weight', 'blocks.3.adapter_module.router.bias', 'blocks.4.adapter_module.adapters.0.functional.down_proj.weight', 'blocks.4.adapter_module.adapters.0.functional.down_proj.bias', 'blocks.4.adapter_module.adapters.0.functional.up_proj.weight', 'blocks.4.adapter_module.adapters.0.functional.up_proj.bias', 'blocks.4.adapter_module.router.weight', 'blocks.4.adapter_module.router.bias', 'blocks.5.adapter_module.adapters.0.functional.down_proj.weight', 'blocks.5.adapter_module.adapters.0.functional.down_proj.bias', 'blocks.5.adapter_module.adapters.0.functional.up_proj.weight', 'blocks.5.adapter_module.adapters.0.functional.up_proj.bias', 'blocks.5.adapter_module.router.weight', 'blocks.5.adapter_module.router.bias', 'blocks.6.adapter_module.adapters.0.functional.down_proj.weight', 'blocks.6.adapter_module.adapters.0.functional.down_proj.bias', 'blocks.6.adapter_module.adapters.0.functional.up_proj.weight', 'blocks.6.adapter_module.adapters.0.functional.up_proj.bias', 'blocks.6.adapter_module.router.weight', 'blocks.6.adapter_module.router.bias', 'blocks.7.adapter_module.adapters.0.functional.down_proj.weight', 'blocks.7.adapter_module.adapters.0.functional.down_proj.bias', 'blocks.7.adapter_module.adapters.0.functional.up_proj.weight', 'blocks.7.adapter_module.adapters.0.functional.up_proj.bias', 'blocks.7.adapter_module.router.weight', 'blocks.7.adapter_module.router.bias', 'blocks.8.adapter_module.adapters.0.functional.down_proj.weight', 'blocks.8.adapter_module.adapters.0.functional.down_proj.bias', 'blocks.8.adapter_module.adapters.0.functional.up_proj.weight', 'blocks.8.adapter_module.adapters.0.functional.up_proj.bias', 'blocks.8.adapter_module.router.weight', 'blocks.8.adapter_module.router.bias', 'blocks.9.adapter_module.adapters.0.functional.down_proj.weight', 'blocks.9.adapter_module.adapters.0.functional.down_proj.bias', 'blocks.9.adapter_module.adapters.0.functional.up_proj.weight', 'blocks.9.adapter_module.adapters.0.functional.up_proj.bias', 'blocks.9.adapter_module.adapters.0.rd.encoder.weight', 'blocks.9.adapter_module.adapters.0.rd.encoder.bias', 'blocks.9.adapter_module.adapters.0.rd.decoder.weight', 'blocks.9.adapter_module.adapters.0.rd.decoder.bias', 'blocks.9.adapter_module.router.weight', 'blocks.9.adapter_module.router.bias', 'blocks.10.adapter_module.adapters.0.functional.down_proj.weight', 'blocks.10.adapter_module.adapters.0.functional.down_proj.bias', 'blocks.10.adapter_module.adapters.0.functional.up_proj.weight', 'blocks.10.adapter_module.adapters.0.functional.up_proj.bias', 'blocks.10.adapter_module.adapters.0.rd.encoder.weight', 'blocks.10.adapter_module.adapters.0.rd.encoder.bias', 'blocks.10.adapter_module.adapters.0.rd.decoder.weight', 'blocks.10.adapter_module.adapters.0.rd.decoder.bias', 'blocks.10.adapter_module.router.weight', 'blocks.10.adapter_module.router.bias', 'blocks.11.adapter_module.adapters.0.functional.down_proj.weight', 'blocks.11.adapter_module.adapters.0.functional.down_proj.bias', 'blocks.11.adapter_module.adapters.0.functional.up_proj.weight', 'blocks.11.adapter_module.adapters.0.functional.up_proj.bias', 'blocks.11.adapter_module.adapters.0.rd.encoder.weight', 'blocks.11.adapter_module.adapters.0.rd.encoder.bias', 'blocks.11.adapter_module.adapters.0.rd.decoder.weight', 'blocks.11.adapter_module.adapters.0.rd.decoder.bias', 'blocks.11.adapter_module.router.weight', 'blocks.11.adapter_module.router.bias'], unexpected_keys=['head.bias', 'head.weight'])
After BaseNet initialization.

╔══════════════════════════════════════════════════════════════════════════════╗
║  Model Structure                                                             ║
╠══════════════════════════════════════════════════════════════════════════════╣
║── Components ────────────────────────────────────────────────────────────────║
║  backbone            ViT-B/16 + SEMA blocks     FROZEN       86,704,716 params                   ║
║    adapters          12 layers, 12 adapters                     906,060 params                   ║
║  classifier          Linear  768 -> 100            TRAINABLE              0 params               ║
║                                                                                                  ║
║  TOTAL                 86,704,716 params     trainable: 906,060 (1%)                             ║
║                                                                                                  ║
║── SEMA Config ───────────────────────────────────────────────────────────────║
║  adapt-layers        L9 -> L11  (3 layers)                                                       ║
║  exp-threshold       z-score > 2                                                                 ║
║  rd-dim              128                                                                         ║
║  replay              OFF                                                                         ║
║  tasks               10                                                                          ║
╚══════════════════════════════════════════════════════════════════════════════╝


╔══════════════════════════════════════════════════════════════════════════════╗
║  Hyperparameters                                                             ║
╠══════════════════════════════════════════════════════════════════════════════╣
║── Experiment ────────────────────────────────────────────────────────────────║
║  method              sema                                                                        ║
║  device              cuda:6                                                                      ║wandb: [wandb.login()] Loaded credentials for https://api.wandb.ai from /home/su09/.netrc.
wandb: W&B API key is configured. Use `wandb login --relogin` to force relogin
wandb: WARNING Using a boolean value for 'reinit' is deprecated. Use 'return_previous' or 'finish_previous' instead.
wandb: setting up run ecojbq6t
wandb: Tracking run with wandb version 0.26.1
wandb: Run data is saved locally in /sdb/syc/My_code/LiF-CL/Lie-Group-FiberCL/wandb/run-20260509_234854-ecojbq6t
wandb: Run `wandb offline` to turn off syncing.
wandb: Syncing run logs_sema_cifar100_0_10_reproduce_1993_pretrained_vit_b16_224_adapter
wandb: ⭐️ View project at https://wandb.ai/-soochow-university/LiF-CL
wandb: 🚀 View run at https://wandb.ai/-soochow-university/LiF-CL/runs/ecojbq6t

║  seed                1993                                                                        ║
║  save-root           ./checkpoints                                                               ║
║                                                                                                  ║
║── Dataset ───────────────────────────────────────────────────────────────────║
║  dataset             cifar100  (100 classes, 10 tasks x 10/task)                                 ║
║  img-size            224                                                                         ║
║  data-root           <auto>                                                                      ║
║                                                                                                  ║
║── Model — SEMA ──────────────────────────────────────────────────────────────║
║  backbone            vit-b16-224  pretrained=True  dim=768  FROZEN                               ║
║  adapters            init=1/layer  bottleneck=16  detect=L9-L11                                  ║
║  rd-dim              128                                                                         ║
║  exp-threshold       z > 2                                                                       ║
║  classifier          linear  768 -> 100                                                          ║
║                                                                                                  ║
║── Training ──────────────────────────────────────────────────────────────────║
║  optimizer           sgd                                                                         ║
║  lr                  func=0.005  rd=0.01                                                         ║
║  weight-decay        0.0005                                                                      ║
║  batch-size          32                                                                          ║
║  epochs              func=5  rd=20                                                               ║
║  min-lr              0                                                                           ║
║  amp                 True                                                                        ║
║                                                                                                  ║
║── Loss ──────────────────────────────────────────────────────────────────────║
║  CE  (func)          1.0                                                                         ║
║  RD  (rd)            1.0                                                                         ║
╚══════════════════════════════════════════════════════════════════════════════╝

2026-05-09 23:49:24,063 [main.py] => All params: 86704716
2026-05-09 23:49:24,063 [main.py] => Trainable params: 906060
2026-05-09 23:49:24,066 [sema.py] => Learning on 0-10
86,781,616 total parameters.
982,960 training parameters.
  0%|          | 0/5 [00:00<?, ?it/s]func Task 0, Epoch 1/5 => Loss 0.489, Train_accy 84.66, Test_accy 98.90:   0%|          | 0/5 [00:45<?, ?it/s]func Task 0, Epoch 1/5 => Loss 0.489, Train_accy 84.66, Test_accy 98.90:  20%|██        | 1/5 [00:45<03:02, 45.65s/it]func Task 0, Epoch 2/5 => Loss 0.265, Train_accy 91.50, Test_accy 98.90:  20%|██        | 1/5 [01:30<03:02, 45.65s/it]func Task 0, Epoch 2/5 => Loss 0.265, Train_accy 91.50, Test_accy 98.90:  40%|████      | 2/5 [01:30<02:16, 45.35s/it]func Task 0, Epoch 3/5 => Loss 0.224, Train_accy 93.20, Test_accy 98.90:  40%|████      | 2/5 [02:15<02:16, 45.35s/it]func Task 0, Epoch 3/5 => Loss 0.224, Train_accy 93.20, Test_accy 98.90:  60%|██████    | 3/5 [02:15<01:30, 45.11s/it]func Task 0, Epoch 4/5 => Loss 0.202, Train_accy 93.50, Test_accy 98.70:  60%|██████    | 3/5 [03:00<01:30, 45.11s/it]func Task 0, Epoch 4/5 => Loss 0.202, Train_accy 93.50, Test_accy 98.70:  80%|████████  | 4/5 [03:00<00:44, 44.91s/it]func Task 0, Epoch 5/5 => Loss 0.184, Train_accy 93.88, Test_accy 98.60:  80%|████████  | 4/5 [03:45<00:44, 44.91s/it]func Task 0, Epoch 5/5 => Loss 0.184, Train_accy 93.88, Test_accy 98.60: 100%|██████████| 5/5 [03:45<00:00, 44.94s/it]func Task 0, Epoch 5/5 => Loss 0.184, Train_accy 93.88, Test_accy 98.60: 100%|██████████| 5/5 [03:45<00:00, 45.04s/it]
2026-05-09 23:53:09,429 [sema.py] => func Task 0, Epoch 5/5 => Loss 0.184, Train_accy 93.88, Test_accy 98.60
  0%|          | 0/20 [00:00<?, ?it/s]rd Task 0, Epoch 1/20 => Loss 1.096, Train_accy 94.06, Test_accy 98.60:   0%|          | 0/20 [00:44<?, ?it/s]rd Task 0, Epoch 1/20 => Loss 1.096, Train_accy 94.06, Test_accy 98.60:   5%|▌         | 1/20 [00:44<14:14, 44.99s/it]