nohup: 忽略输入
2026-05-15 23:58:23,554 [seed.py] => Auto-selected cuda:5 (30.8 GB free)
2026-05-15 23:58:23,636 [data_manager.py] => [168, 136, 51, 9, 183, 101, 171, 99, 42, 159, 191, 70, 16, 188, 27, 10, 175, 26, 68, 187, 98, 6, 85, 35, 112, 43, 100, 0, 103, 181, 88, 59, 4, 2, 116, 174, 94, 80, 106, 1, 147, 17, 141, 131, 72, 23, 173, 54, 197, 118, 87, 32, 79, 104, 91, 19, 135, 107, 178, 36, 11, 199, 142, 8, 122, 3, 28, 57, 153, 172, 190, 56, 49, 44, 97, 62, 151, 169, 194, 55, 192, 12, 189, 78, 66, 180, 15, 137, 109, 134, 92, 119, 126, 52, 170, 40, 148, 65, 144, 64, 138, 45, 77, 89, 154, 90, 71, 193, 74, 30, 113, 143, 96, 84, 67, 50, 186, 156, 69, 21, 18, 111, 108, 58, 125, 157, 150, 110, 182, 129, 166, 83, 81, 60, 13, 165, 14, 176, 63, 117, 5, 22, 145, 121, 38, 41, 82, 127, 114, 20, 31, 53, 37, 163, 196, 130, 152, 162, 86, 76, 24, 34, 184, 149, 33, 128, 198, 155, 146, 167, 139, 120, 140, 102, 47, 25, 158, 123, 46, 164, 61, 7, 115, 75, 133, 160, 105, 132, 179, 124, 48, 73, 93, 39, 95, 195, 29, 177, 185, 161]
I'm using ViT with Geometry-MoE adapters.
_IncompatibleKeys(missing_keys=['blocks.9.adapter_module.adapters.0.gamma', 'blocks.9.adapter_module.adapters.0.down_proj.weight', 'blocks.9.adapter_module.adapters.0.down_proj.bias', 'blocks.9.adapter_module.adapters.0.up_proj.weight', 'blocks.9.adapter_module.adapters.0.up_proj.bias', 'blocks.9.adapter_module.adapters.0.norm.weight', 'blocks.9.adapter_module.adapters.0.norm.bias', 'blocks.9.adapter_module.adapters.0.group_bank.groups.SO.0.R', 'blocks.9.adapter_module.adapters.0.group_bank.groups.LR.0.A', 'blocks.9.adapter_module.adapters.0.group_bank.groups.LR.0.B', 'blocks.9.adapter_module.adapters.0.group_bank.groups.Affine.0.W', 'blocks.9.adapter_module.adapters.0.group_bank.groups.Affine.0.b', 'blocks.9.adapter_module.adapters.0.mamba_flow.A_log', 'blocks.9.adapter_module.adapters.0.mamba_flow.D', 'blocks.9.adapter_module.adapters.0.mamba_flow.gamma', 'blocks.9.adapter_module.adapters.0.mamba_flow.in_proj.weight', 'blocks.9.adapter_module.adapters.0.mamba_flow.in_proj.bias', 'blocks.9.adapter_module.adapters.0.mamba_flow.conv1d.weight', 'blocks.9.adapter_module.adapters.0.mamba_flow.conv1d.bias', 'blocks.9.adapter_module.adapters.0.mamba_flow.x_proj.weight', 'blocks.9.adapter_module.adapters.0.mamba_flow.dt_proj.0.weight', 'blocks.9.adapter_module.adapters.0.mamba_flow.dt_proj.0.bias', 'blocks.9.adapter_module.adapters.0.mamba_flow.out_proj.weight', 'blocks.9.adapter_module.adapters.0.mamba_flow.out_proj.bias', 'blocks.9.adapter_module.adapters.0.router.group_router.0.weight', 'blocks.9.adapter_module.adapters.0.router.group_router.0.bias', 'blocks.9.adapter_module.adapters.0.router.group_router.2.weight', 'blocks.9.adapter_module.adapters.0.router.group_router.2.bias', 'blocks.9.adapter_module.adapters.0.router.expert_routers.SO.0.weight', 'blocks.9.adapter_module.adapters.0.router.expert_routers.SO.0.bias', 'blocks.9.adapter_module.adapters.0.router.expert_routers.SO.2.weight', 'blocks.9.adapter_module.adapters.0.router.expert_routers.SO.2.bias', 'blocks.9.adapter_module.adapters.0.router.expert_routers.LR.0.weight', 'blocks.9.adapter_module.adapters.0.router.expert_routers.LR.0.bias', 'blocks.9.adapter_module.adapters.0.router.expert_routers.LR.2.weight', 'blocks.9.adapter_module.adapters.0.router.expert_routers.LR.2.bias', 'blocks.9.adapter_module.adapters.0.router.expert_routers.Affine.0.weight', 'blocks.9.adapter_module.adapters.0.router.expert_routers.Affine.0.bias', 'blocks.9.adapter_module.adapters.0.router.expert_routers.Affine.2.weight', 'blocks.9.adapter_module.adapters.0.router.expert_routers.Affine.2.bias', 'blocks.9.adapter_module.adapters.0.group_ae.encoders.0.weight', 'blocks.9.adapter_module.adapters.0.group_ae.encoders.0.bias', 'blocks.9.adapter_module.adapters.0.group_ae.encoders.1.weight', 'blocks.9.adapter_module.adapters.0.group_ae.encoders.1.bias', 'blocks.9.adapter_module.adapters.0.group_ae.encoders.2.weight', 'blocks.9.adapter_module.adapters.0.group_ae.encoders.2.bias', 'blocks.9.adapter_module.adapters.0.group_ae.encoders.3.weight', 'blocks.9.adapter_module.adapters.0.group_ae.encoders.3.bias', 'blocks.9.adapter_module.adapters.0.group_ae.decoders.0.weight', 'blocks.9.adapter_module.adapters.0.group_ae.decoders.0.bias', 'blocks.9.adapter_module.adapters.0.group_ae.decoders.1.weight', 'blocks.9.adapter_module.adapters.0.group_ae.decoders.1.bias', 'blocks.9.adapter_module.adapters.0.group_ae.decoders.2.weight', 'blocks.9.adapter_module.adapters.0.group_ae.decoders.2.bias', 'blocks.9.adapter_module.adapters.0.group_ae.decoders.3.weight', 'blocks.9.adapter_module.adapters.0.group_ae.decoders.3.bias', 'blocks.10.adapter_module.adapters.0.gamma', 'blocks.10.adapter_module.adapters.0.down_proj.weight', 'blocks.10.adapter_module.adapters.0.down_proj.bias', 'blocks.10.adapter_module.adapters.0.up_proj.weight', 'blocks.10.adapter_module.adapters.0.up_proj.bias', 'blocks.10.adapter_module.adapters.0.norm.weight', 'blocks.10.adapter_module.adapters.0.norm.bias', 'blocks.10.adapter_module.adapters.0.group_bank.groups.SO.0.R', 'blocks.10.adapter_module.adapters.0.group_bank.groups.LR.0.A', 'blocks.10.adapter_module.adapters.0.group_bank.groups.LR.0.B', 'blocks.10.adapter_module.adapters.0.group_bank.groups.Affine.0.W', 'blocks.10.adapter_module.adapters.0.group_bank.groups.Affine.0.b', 'blocks.10.adapter_module.adapters.0.mamba_flow.A_log', 'blocks.10.adapter_module.adapters.0.mamba_flow.D', 'blocks.10.adapter_module.adapters.0.mamba_flow.gamma', 'blocks.10.adapter_module.adapters.0.mamba_flow.in_proj.weight', 'blocks.10.adapter_module.adapters.0.mamba_flow.in_proj.bias', 'blocks.10.adapter_module.adapters.0.mamba_flow.conv1d.weight', 'blocks.10.adapter_module.adapters.0.mamba_flow.conv1d.bias', 'blocks.10.adapter_module.adapters.0.mamba_flow.x_proj.weight', 'blocks.10.adapter_module.adapters.0.mamba_flow.dt_proj.0.weight', 'blocks.10.adapter_module.adapters.0.mamba_flow.dt_proj.0.bias', 'blocks.10.adapter_module.adapters.0.mamba_flow.out_proj.weight', 'blocks.10.adapter_module.adapters.0.mamba_flow.out_proj.bias', 'blocks.10.adapter_module.adapters.0.router.group_router.0.weight', 'blocks.10.adapter_module.adapters.0.router.group_router.0.bias', 'blocks.10.adapter_module.adapters.0.router.group_router.2.weight', 'blocks.10.adapter_module.adapters.0.router.group_router.2.bias', 'blocks.10.adapter_module.adapters.0.router.expert_routers.SO.0.weight', 'blocks.10.adapter_module.adapters.0.router.expert_routers.SO.0.bias', 'blocks.10.adapter_module.adapters.0.router.expert_routers.SO.2.weight', 'blocks.10.adapter_module.adapters.0.router.expert_routers.SO.2.bias', 'blocks.10.adapter_module.adapters.0.router.expert_routers.LR.0.weight', 'blocks.10.adapter_module.adapters.0.router.expert_routers.LR.0.bias', 'blocks.10.adapter_module.adapters.0.router.expert_routers.LR.2.weight', 'blocks.10.adapter_module.adapters.0.router.expert_routers.LR.2.bias', 'blocks.10.adapter_module.adapters.0.router.expert_routers.Affine.0.weight', 'blocks.10.adapter_module.adapters.0.router.expert_routers.Affine.0.bias', 'blocks.10.adapter_module.adapters.0.router.expert_routers.Affine.2.weight', 'blocks.10.adapter_module.adapters.0.router.expert_routers.Affine.2.bias', 'blocks.10.adapter_module.adapters.0.group_ae.encoders.0.weight', 'blocks.10.adapter_module.adapters.0.group_ae.encoders.0.bias', 'blocks.10.adapter_module.adapters.0.group_ae.encoders.1.weight', 'blocks.10.adapter_module.adapters.0.group_ae.encoders.1.bias', 'blocks.10.adapter_module.adapters.0.group_ae.encoders.2.weight', 'blocks.10.adapter_module.adapters.0.group_ae.encoders.2.bias', 'blocks.10.adapter_module.adapters.0.group_ae.encoders.3.weight', 'blocks.10.adapter_module.adapters.0.group_ae.encoders.3.bias', 'blocks.10.adapter_module.adapters.0.group_ae.decoders.0.weight', 'blocks.10.adapter_module.adapters.0.group_ae.decoders.0.bias', 'blocks.10.adapter_module.adapters.0.group_ae.decoders.1.weight', 'blocks.10.adapter_module.adapters.0.group_ae.decoders.1.bias', 'blocks.10.adapter_module.adapters.0.group_ae.decoders.2.weight', 'blocks.10.adapter_module.adapters.0.group_ae.decoders.2.bias', 'blocks.10.adapter_module.adapters.0.group_ae.decoders.3.weight', 'blocks.10.adapter_module.adapters.0.group_ae.decoders.3.bias', 'blocks.11.adapter_module.adapters.0.gamma', 'blocks.11.adapter_module.adapters.0.down_proj.weight', 'blocks.11.adapter_module.adapters.0.down_proj.bias', 'blocks.11.adapter_module.adapters.0.up_proj.weight', 'blocks.11.adapter_module.adapters.0.up_proj.bias', 'blocks.11.adapter_module.adapters.0.norm.weight', 'blocks.11.adapter_module.adapters.0.norm.bias', 'blocks.11.adapter_module.adapters.0.group_bank.groups.SO.0.R', 'blocks.11.adapter_module.adapters.0.group_bank.groups.LR.0.A', 'blocks.11.adapter_module.adapters.0.group_bank.groups.LR.0.B', 'blocks.11.adapter_module.adapters.0.group_bank.groups.Affine.0.W', 'blocks.11.adapter_module.adapters.0.group_bank.groups.Affine.0.b', 'blocks.11.adapter_module.adapters.0.mamba_flow.A_log', 'blocks.11.adapter_module.adapters.0.mamba_flow.D', 'blocks.11.adapter_module.adapters.0.mamba_flow.gamma', 'blocks.11.adapter_module.adapters.0.mamba_flow.in_proj.weight', 'blocks.11.adapter_module.adapters.0.mamba_flow.in_proj.bias', 'blocks.11.adapter_module.adapters.0.mamba_flow.conv1d.weight', 'blocks.11.adapter_module.adapters.0.mamba_flow.conv1d.bias', 'blocks.11.adapter_module.adapters.0.mamba_flow.x_proj.weight', 'blocks.11.adapter_module.adapters.0.mamba_flow.dt_proj.0.weight', 'blocks.11.adapter_module.adapters.0.mamba_flow.dt_proj.0.bias', 'blocks.11.adapter_module.adapters.0.mamba_flow.out_proj.weight', 'blocks.11.adapter_module.adapters.0.mamba_flow.out_proj.bias', 'blocks.11.adapter_module.adapters.0.router.group_router.0.weight', 'blocks.11.adapter_module.adapters.0.router.group_router.0.bias', 'blocks.11.adapter_module.adapters.0.router.group_router.2.weight', 'blocks.11.adapter_module.adapters.0.router.group_router.2.bias', 'blocks.11.adapter_module.adapters.0.router.expert_routers.SO.0.weight', 'blocks.11.adapter_module.adapters.0.router.expert_routers.SO.0.bias', 'blocks.11.adapter_module.adapters.0.router.expert_routers.SO.2.weight', 'blocks.11.adapter_module.adapters.0.router.expert_routers.SO.2.bias', 'blocks.11.adapter_module.adapters.0.router.expert_routers.LR.0.weight', 'blocks.11.adapter_module.adapters.0.router.expert_routers.LR.0.bias', 'blocks.11.adapter_module.adapters.0.router.expert_routers.LR.2.weight', 'blocks.11.adapter_module.adapters.0.router.expert_routers.LR.2.bias', 'blocks.11.adapter_module.adapters.0.router.expert_routers.Affine.0.weight', 'blocks.11.adapter_module.adapters.0.router.expert_routers.Affine.0.bias', 'blocks.11.adapter_module.adapters.0.router.expert_routers.Affine.2.weight', 'blocks.11.adapter_module.adapters.0.router.expert_routers.Affine.2.bias', 'blocks.11.adapter_module.adapters.0.group_ae.encoders.0.weight', 'blocks.11.adapter_module.adapters.0.group_ae.encoders.0.bias', 'blocks.11.adapter_module.adapters.0.group_ae.encoders.1.weight', 'blocks.11.adapter_module.adapters.0.group_ae.encoders.1.bias', 'blocks.11.adapter_module.adapters.0.group_ae.encoders.2.weight', 'blocks.11.adapter_module.adapters.0.group_ae.encoders.2.bias', 'blocks.11.adapter_module.adapters.0.group_ae.encoders.3.weight', 'blocks.11.adapter_module.adapters.0.group_ae.encoders.3.bias', 'blocks.11.adapter_module.adapters.0.group_ae.decoders.0.weight', 'blocks.11.adapter_module.adapters.0.group_ae.decoders.0.bias', 'blocks.11.adapter_module.adapters.0.group_ae.decoders.1.weight', 'blocks.11.adapter_module.adapters.0.group_ae.decoders.1.bias', 'blocks.11.adapter_module.adapters.0.group_ae.decoders.2.weight', 'blocks.11.adapter_module.adapters.0.group_ae.decoders.2.bias', 'blocks.11.adapter_module.adapters.0.group_ae.decoders.3.weight', 'blocks.11.adapter_module.adapters.0.group_ae.decoders.3.bias'], unexpected_keys=['head.bias', 'head.weight'])wandb: [wandb.login()] Loaded credentials for https://api.wandb.ai from /home/su09/.netrc.
wandb: Currently logged in as: 2363299334 (-soochow-university) to https://api.wandb.ai. Use `wandb login --relogin` to force relogin
wandb: WARNING Using a boolean value for 'reinit' is deprecated. Use 'return_previous' or 'finish_previous' instead.
wandb: setting up run vgo6zdlb
wandb: Tracking run with wandb version 0.26.1
wandb: Run data is saved locally in /sdd1/syc/My_code/LiF-CL/Lie-Group-FiberCL/wandb/run-20260515_235826-vgo6zdlb
wandb: Run `wandb offline` to turn off syncing.
wandb: Syncing run logs_geo_sema_imagenetr_0_20_reproduce_1993_pretrained_vit_b16_224_adapter
wandb: ⭐️ View project at https://wandb.ai/-soochow-university/LiF-CL
wandb: 🚀 View run at https://wandb.ai/-soochow-university/LiF-CL/runs/vgo6zdlb


╔══════════════════════════════════════════════════════════════════════════════╗
║  Model Structure                                                             ║
╠══════════════════════════════════════════════════════════════════════════════╣
║── Components ────────────────────────────────────────────────────────────────║
║  backbone            ViT-B/16 + SEMA blocks     FROZEN       96,608,907 params                   ║
║    adapters          0 layers, 0 adapters                           0 params                     ║
║  classifier          Linear  768 -> 200            TRAINABLE              0 params               ║
║                                                                                                  ║
║  TOTAL                 96,608,907 params     trainable: 10,810,251 (11%)                         ║
║                                                                                                  ║
║── SEMA Config ───────────────────────────────────────────────────────────────║
║  adapt-layers        L9 -> L11  (3 layers)                                                       ║
║  exp-threshold       z-score > 2                                                                 ║
║  rd-dim              128                                                                         ║
║  replay              OFF                                                                         ║
║  tasks               10                                                                          ║
╚══════════════════════════════════════════════════════════════════════════════╝


╔══════════════════════════════════════════════════════════════════════════════╗
║  Hyperparameters                                                             ║
╠══════════════════════════════════════════════════════════════════════════════╣
║── Experiment ────────────────────────────────────────────────────────────────║
║  method              geo_sema                                                                    ║
║  device              cuda:5                                                                      ║
║  seed                1993                                                                        ║
║  save-root           ./checkpoints                                                               ║
║                                                                                                  ║
║── Dataset ───────────────────────────────────────────────────────────────────║
║  dataset             imagenetr  (200 classes, 10 tasks x 20/task)                                ║
║  img-size            224                                                                         ║
║  data-root           <auto>                                                                      ║
║                                                                                                  ║
║── Model — SEMA ──────────────────────────────────────────────────────────────║
║  backbone            vit-b16-224  pretrained=True  dim=768  FROZEN                               ║
║  adapters            init=1/layer  bottleneck=16  detect=L9-L11                                  ║
║  rd-dim              128                                                                         ║
║  exp-threshold       z > 2                                                                       ║
║  classifier          linear  768 -> 200                                                          ║
║                                                                                                  ║
║── Training ──────────────────────────────────────────────────────────────────║
║  optimizer           sgd                                                                         ║
║  lr                  func=0.005  rd=0.01                                                         ║
║  weight-decay        0.0005                                                                      ║
║  batch-size          32                                                                          ║
║  epochs              func=20  rd=20                                                              ║
║  min-lr              0                                                                           ║
║  amp                 True                                                                        ║
║                                                                                                  ║
║── Loss ──────────────────────────────────────────────────────────────────────║
║  CE  (func)          1.0                                                                         ║
║  RD  (rd)            1.0                                                                         ║
╚══════════════════════════════════════════════════════════════════════════════╝

2026-05-15 23:58:28,068 [main.py] => All params: 96608907
2026-05-15 23:58:28,068 [main.py] => Trainable params: 10810251
2026-05-15 23:58:28,073 [geo_sema.py] => Learning on 0-20
96,762,707 total parameters.
10,964,051 training parameters.
  0%|          | 0/20 [00:00<?, ?it/s]func Task 0, Epoch 1/20 => Loss 1.455, Train_accy 63.05, Test_accy 80.26:   0%|          | 0/20 [00:41<?, ?it/s]func Task 0, Epoch 1/20 => Loss 1.455, Train_accy 63.05, Test_accy 80.26:   5%|▌         | 1/20 [00:41<13:06, 41.37s/it]func Task 0, Epoch 2/20 => Loss 0.747, Train_accy 80.60, Test_accy 81.86:   5%|▌         | 1/20 [01:23<13:06, 41.37s/it]func Task 0, Epoch 2/20 => Loss 0.747, Train_accy 80.60, Test_accy 81.86:  10%|█         | 2/20 [01:23<12:32, 41.81s/it]func Task 0, Epoch 3/20 => Loss 0.577, Train_accy 85.24, Test_accy 85.05:  10%|█         | 2/20 [02:31<12:32, 41.81s/it]func Task 0, Epoch 3/20 => Loss 0.577, Train_accy 85.24, Test_accy 85.05:  15%|█▌        | 3/20 [02:31<15:15, 53.83s/it]func Task 0, Epoch 4/20 => Loss 0.507, Train_accy 87.02, Test_accy 86.79:  15%|█▌        | 3/20 [03:53<15:15, 53.83s/it]func Task 0, Epoch 4/20 => Loss 0.507, Train_accy 87.02, Test_accy 86.79:  20%|██        | 4/20 [03:53<17:20, 65.04s/it]func Task 0, Epoch 5/20 => Loss 0.417, Train_accy 89.23, Test_accy 86.79:  20%|██        | 4/20 [05:16<17:20, 65.04s/it]func Task 0, Epoch 5/20 => Loss 0.417, Train_accy 89.23, Test_accy 86.79:  25%|██▌       | 5/20 [05:16<17:52, 71.49s/it]