nohup: 忽略输入
2026-05-18 18:55:18,668 [seed.py] => Auto-selected cuda:7 (26.5 GB free)
/sdd1/syc/envs/sema_env/lib/python3.11/site-packages/torchvision/datasets/cifar.py:83: VisibleDeprecationWarning: dtype(): align should be passed as Python or NumPy boolean but got `align=0`. Did you mean to pass a tuple to create a subarray type? (Deprecated NumPy 2.4)
  entry = pickle.load(f, encoding="latin1")
Files already downloaded and verified
Files already downloaded and verified
2026-05-18 18:55:20,646 [data_manager.py] => [68, 56, 78, 8, 23, 84, 90, 65, 74, 76, 40, 89, 3, 92, 55, 9, 26, 80, 43, 38, 58, 70, 77, 1, 85, 19, 17, 50, 28, 53, 13, 81, 45, 82, 6, 59, 83, 16, 15, 44, 91, 41, 72, 60, 79, 52, 20, 10, 31, 54, 37, 95, 14, 71, 96, 98, 97, 2, 64, 66, 42, 22, 35, 86, 24, 34, 87, 21, 99, 0, 88, 27, 18, 94, 11, 12, 47, 25, 30, 46, 62, 69, 36, 61, 7, 63, 75, 5, 32, 4, 51, 48, 73, 93, 39, 67, 29, 49, 57, 33]
I'm using ViT with Sparse Group-MoE adapters.
_IncompatibleKeys(missing_keys=['blocks.0.adapter.down_proj.weight', 'blocks.0.adapter.down_proj.bias', 'blocks.0.adapter.up_proj.weight', 'blocks.0.adapter.up_proj.bias', 'blocks.1.adapter.down_proj.weight', 'blocks.1.adapter.down_proj.bias', 'blocks.1.adapter.up_proj.weight', 'blocks.1.adapter.up_proj.bias', 'blocks.2.adapter.down_proj.weight', 'blocks.2.adapter.down_proj.bias', 'blocks.2.adapter.up_proj.weight', 'blocks.2.adapter.up_proj.bias', 'blocks.3.adapter.down_proj.weight', 'blocks.3.adapter.down_proj.bias', 'blocks.3.adapter.up_proj.weight', 'blocks.3.adapter.up_proj.bias', 'blocks.4.adapter.down_proj.weight', 'blocks.4.adapter.down_proj.bias', 'blocks.4.adapter.up_proj.weight', 'blocks.4.adapter.up_proj.bias', 'blocks.5.adapter.down_proj.weight', 'blocks.5.adapter.down_proj.bias', 'blocks.5.adapter.up_proj.weight', 'blocks.5.adapter.up_proj.bias', 'blocks.6.adapter.down_proj.weight', 'blocks.6.adapter.down_proj.bias', 'blocks.6.adapter.up_proj.weight', 'blocks.6.adapter.up_proj.bias', 'blocks.7.adapter.down_proj.weight', 'blocks.7.adapter.down_proj.bias', 'blocks.7.adapter.up_proj.weight', 'blocks.7.adapter.up_proj.bias', 'blocks.8.adapter.down_proj.weight', 'blocks.8.adapter.down_proj.bias', 'blocks.8.adapter.up_proj.weight', 'blocks.8.adapter.up_proj.bias', 'blocks.9.adapter_module.adapters.0.gamma', 'blocks.9.adapter_module.adapters.0.mamba_beta', 'blocks.9.adapter_module.adapters.0.down_proj.weight', 'blocks.9.adapter_module.adapters.0.down_proj.bias', 'blocks.9.adapter_module.adapters.0.up_proj.weight', 'blocks.9.adapter_module.adapters.0.up_proj.bias', 'blocks.9.adapter_module.adapters.0.norm.weight', 'blocks.9.adapter_module.adapters.0.norm.bias', 'blocks.9.adapter_module.adapters.0.group_bank.groups.SO.0.R', 'blocks.9.adapter_module.adapters.0.group_bank.groups.LR.0.A', 'blocks.9.adapter_module.adapters.0.group_bank.groups.LR.0.B', 'blocks.9.adapter_module.adapters.0.group_bank.groups.Affine.0.W', 'blocks.9.adapter_module.adapters.0.group_bank.groups.Affine.0.b', 'blocks.9.adapter_module.adapters.0.mamba_flow.A_log', 'blocks.9.adapter_module.adapters.0.mamba_flow.D', 'blocks.9.adapter_module.adapters.0.mamba_flow.gamma', 'blocks.9.adapter_module.adapters.0.mamba_flow.in_proj.weight', 'blocks.9.adapter_module.adapters.0.mamba_flow.in_proj.bias', 'blocks.9.adapter_module.adapters.0.mamba_flow.conv1d.weight', 'blocks.9.adapter_module.adapters.0.mamba_flow.conv1d.bias', 'blocks.9.adapter_module.adapters.0.mamba_flow.x_proj.weight', 'blocks.9.adapter_module.adapters.0.mamba_flow.dt_proj.0.weight', 'blocks.9.adapter_module.adapters.0.mamba_flow.dt_proj.0.bias', 'blocks.9.adapter_module.adapters.0.mamba_flow.out_proj.weight', 'blocks.9.adapter_module.adapters.0.mamba_flow.out_proj.bias', 'blocks.9.adapter_module.adapters.0.router.group_router.0.weight', 'blocks.9.adapter_module.adapters.0.router.group_router.0.bias', 'blocks.9.adapter_module.adapters.0.router.group_router.2.weight', 'blocks.9.adapter_module.adapters.0.router.group_router.2.bias', 'blocks.9.adapter_module.adapters.0.router.expert_routers.SO.0.weight', 'blocks.9.adapter_module.adapters.0.router.expert_routers.SO.0.bias', 'blocks.9.adapter_module.adapters.0.router.expert_routers.SO.2.weight', 'blocks.9.adapter_module.adapters.0.router.expert_routers.SO.2.bias', 'blocks.9.adapter_module.adapters.0.router.expert_routers.LR.0.weight', 'blocks.9.adapter_module.adapters.0.router.expert_routers.LR.0.bias', 'blocks.9.adapter_module.adapters.0.router.expert_routers.LR.2.weight', 'blocks.9.adapter_module.adapters.0.router.expert_routers.LR.2.bias', 'blocks.9.adapter_module.adapters.0.router.expert_routers.Affine.0.weight', 'blocks.9.adapter_module.adapters.0.router.expert_routers.Affine.0.bias', 'blocks.9.adapter_module.adapters.0.router.expert_routers.Affine.2.weight', 'blocks.9.adapter_module.adapters.0.router.expert_routers.Affine.2.bias', 'blocks.9.adapter_module.adapters.0.group_ae.encoders.0.weight', 'blocks.9.adapter_module.adapters.0.group_ae.encoders.0.bias', 'blocks.9.adapter_module.adapters.0.group_ae.encoders.1.weight', 'blocks.9.adapter_module.adapters.0.group_ae.encoders.1.bias', 'blocks.9.adapter_module.adapters.0.group_ae.encoders.2.weight', 'blocks.9.adapter_module.adapters.0.group_ae.encoders.2.bias', 'blocks.9.adapter_module.adapters.0.group_ae.encoders.3.weight', 'blocks.9.adapter_module.adapters.0.group_ae.encoders.3.bias', 'blocks.9.adapter_module.adapters.0.group_ae.decoders.0.weight', 'blocks.9.adapter_module.adapters.0.group_ae.decoders.0.bias', 'blocks.9.adapter_module.adapters.0.group_ae.decoders.1.weight', 'blocks.9.adapter_module.adapters.0.group_ae.decoders.1.bias', 'blocks.9.adapter_module.adapters.0.group_ae.decoders.2.weight', 'blocks.9.adapter_module.adapters.0.group_ae.decoders.2.bias', 'blocks.9.adapter_module.adapters.0.group_ae.decoders.3.weight', 'blocks.9.adapter_module.adapters.0.group_ae.decoders.3.bias', 'blocks.10.adapter_module.adapters.0.gamma', 'blocks.10.adapter_module.adapters.0.mamba_beta', 'blocks.10.adapter_module.adapters.0.down_proj.weight', 'blocks.10.adapter_module.adapters.0.down_proj.bias', 'blocks.10.adapter_module.adapters.0.up_proj.weight', 'blocks.10.adapter_module.adapters.0.up_proj.bias', 'blocks.10.adapter_module.adapters.0.norm.weight', 'blocks.10.adapter_module.adapters.0.norm.bias', 'blocks.10.adapter_module.adapters.0.group_bank.groups.SO.0.R', 'blocks.10.adapter_module.adapters.0.group_bank.groups.LR.0.A', 'blocks.10.adapter_module.adapters.0.group_bank.groups.LR.0.B', 'blocks.10.adapter_module.adapters.0.group_bank.groups.Affine.0.W', 'blocks.10.adapter_module.adapters.0.group_bank.groups.Affine.0.b', 'blocks.10.adapter_module.adapters.0.mamba_flow.A_log', 'blocks.10.adapter_module.adapters.0.mamba_flow.D', 'blocks.10.adapter_module.adapters.0.mamba_flow.gamma', 'blocks.10.adapter_module.adapters.0.mamba_flow.in_proj.weight', 'blocks.10.adapter_module.adapters.0.mamba_flow.in_proj.bias', 'blocks.10.adapter_module.adapters.0.mamba_flow.conv1d.weight', 'blocks.10.adapter_module.adapters.0.mamba_flow.conv1d.bias', 'blocks.10.adapter_module.adapters.0.mamba_flow.x_proj.weight', 'blocks.10.adapter_module.adapters.0.mamba_flow.dt_proj.0.weight', 'blocks.10.adapter_module.adapters.0.mamba_flow.dt_proj.0.bias', 'blocks.10.adapter_module.adapters.0.mamba_flow.out_proj.weight', 'blocks.10.adapter_module.adapters.0.mamba_flow.out_proj.bias', 'blocks.10.adapter_module.adapters.0.router.group_router.0.weight', 'blocks.10.adapter_module.adapters.0.router.group_router.0.bias', 'blocks.10.adapter_module.adapters.0.router.group_router.2.weight', 'blocks.10.adapter_module.adapters.0.router.group_router.2.bias', 'blocks.10.adapter_module.adapters.0.router.expert_routers.SO.0.weight', 'blocks.10.adapter_module.adapters.0.router.expert_routers.SO.0.bias', 'blocks.10.adapter_module.adapters.0.router.expert_routers.SO.2.weight', 'blocks.10.adapter_module.adapters.0.router.expert_routers.SO.2.bias', 'blocks.10.adapter_module.adapters.0.router.expert_routers.LR.0.weight', 'blocks.10.adapter_module.adapters.0.router.expert_routers.LR.0.bias', 'blocks.10.adapter_module.adapters.0.router.expert_routers.LR.2.weight', 'blocks.10.adapter_module.adapters.0.router.expert_routers.LR.2.bias', 'blocks.10.adapter_module.adapters.0.router.expert_routers.Affine.0.weight', 'blocks.10.adapter_module.adapters.0.router.expert_routers.Affine.0.bias', 'blocks.10.adapter_module.adapters.0.router.expert_routers.Affine.2.weight', 'blocks.10.adapter_module.adapters.0.router.expert_routers.Affine.2.bias', 'blocks.10.adapter_module.adapters.0.group_ae.encoders.0.weight', 'blocks.10.adapter_module.adapters.0.group_ae.encoders.0.bias', 'blocks.10.adapter_module.adapters.0.group_ae.encoders.1.weight', 'blocks.10.adapter_module.adapters.0.group_ae.encoders.1.bias', 'blocks.10.adapter_module.adapters.0.group_ae.encoders.2.weight', 'blocks.10.adapter_module.adapters.0.group_ae.encoders.2.bias', 'blocks.10.adapter_module.adapters.0.group_ae.encoders.3.weight', 'blocks.10.adapter_module.adapters.0.group_ae.encoders.3.bias', 'blocks.10.adapter_module.adapters.0.group_ae.decoders.0.weight', 'blocks.10.adapter_module.adapters.0.group_ae.decoders.0.bias', 'blocks.10.adapter_module.adapters.0.group_ae.decoders.1.weight', 'blocks.10.adapter_module.adapters.0.group_ae.decoders.1.bias', 'blocks.10.adapter_module.adapters.0.group_ae.decoders.2.weight', 'blocks.10.adapter_module.adapters.0.group_ae.decoders.2.bias', 'blocks.10.adapter_module.adapters.0.group_ae.decoders.3.weight', 'blocks.10.adapter_module.adapters.0.group_ae.decoders.3.bias', 'blocks.11.adapter_module.adapters.0.gamma', 'blocks.11.adapter_module.adapters.0.mamba_beta', 'blocks.11.adapter_module.adapters.0.down_proj.weight', 'blocks.11.adapter_module.adapters.0.down_proj.bias', 'blocks.11.adapter_module.adapters.0.up_proj.weight', 'blocks.11.adapter_module.adapters.0.up_proj.bias', 'blocks.11.adapter_module.adapters.0.norm.weight', 'blocks.11.adapter_module.adapters.0.norm.bias', 'blocks.11.adapter_module.adapters.0.group_bank.groups.SO.0.R', 'blocks.11.adapter_module.adapters.0.group_bank.groups.LR.0.A', 'blocks.11.adapter_module.adapters.0.group_bank.groups.LR.0.B', 'blocks.11.adapter_module.adapters.0.group_bank.groups.Affine.0.W', 'blocks.11.adapter_module.adapters.0.group_bank.groups.Affine.0.b', 'blocks.11.adapter_module.adapters.0.mamba_flow.A_log', 'blocks.11.adapter_module.adapters.0.mamba_flow.D', 'blocks.11.adapter_module.adapters.0.mamba_flow.gamma', 'blocks.11.adapter_module.adapters.0.mamba_flow.in_proj.weight', 'blocks.11.adapter_module.adapters.0.mamba_flow.in_proj.bias', 'blocks.11.adapter_module.adapters.0.mamba_flow.conv1d.weight', 'blocks.11.adapter_module.adapters.0.mamba_flow.conv1d.bias', 'blocks.11.adapter_module.adapters.0.mamba_flow.x_proj.weight', 'blocks.11.adapter_module.adapters.0.mamba_flow.dt_proj.0.weight', 'blocks.11.adapter_module.adapters.0.mamba_flow.dt_proj.0.bias', 'blocks.11.adapter_module.adapters.0.mamba_flow.out_proj.weight', 'blocks.11.adapter_module.adapters.0.mamba_flow.out_proj.bias', 'blocks.11.adapter_module.adapters.0.router.group_router.0.weight', 'blocks.11.adapter_module.adapters.0.router.group_router.0.bias', 'blocks.11.adapter_module.adapters.0.router.group_router.2.weight', 'blocks.11.adapter_module.adapters.0.router.group_router.2.bias', 'blocks.11.adapter_module.adapters.0.router.expert_routers.SO.0.weight', 'blocks.11.adapter_module.adapters.0.router.expert_routers.SO.0.bias', 'blocks.11.adapter_module.adapters.0.router.expert_routers.SO.2.weight', 'blocks.11.adapter_module.adapters.0.router.expert_routers.SO.2.bias', 'blocks.11.adapter_module.adapters.0.router.expert_routers.LR.0.weight', 'blocks.11.adapter_module.adapters.0.router.expert_routers.LR.0.bias', 'blocks.11.adapter_module.adapters.0.router.expert_routers.LR.2.weight', 'blocks.11.adapter_module.adapters.0.router.expert_routers.LR.2.bias', 'blocks.11.adapter_module.adapters.0.router.expert_routers.Affine.0.weight', 'blocks.11.adapter_module.adapters.0.router.expert_routers.Affine.0.bias', 'blocks.11.adapter_module.adapters.0.router.expert_routers.Affine.2.weight', 'blocks.11.adapter_module.adapters.0.router.expert_routers.Affine.2.bias', 'blocks.11.adapter_module.adapters.0.group_ae.encoders.0.weight', 'blocks.11.adapter_module.adapters.0.group_ae.encoders.0.bias', 'blocks.11.adapter_module.adapters.0.group_ae.encoders.1.weight', 'blocks.11.adapter_module.adapters.0.group_ae.encoders.1.bias', 'blocks.11.adapter_module.adapters.0.group_ae.encoders.2.weight', 'blocks.11.adapter_module.adapters.0.group_ae.encoders.2.bias', 'blocks.11.adapter_module.adapters.0.group_ae.encoders.3.weight', 'blocks.11.adapter_module.adapters.0.group_ae.encoders.3.bias', 'blocks.11.adapter_module.adapters.0.group_ae.decoders.0.weight', 'blocks.11.adapter_module.adapters.0.group_ae.decoders.0.bias', 'blocks.11.adapter_module.adapters.0.group_ae.decoders.1.weight', 'blocks.11.adapter_module.adapters.0.group_ae.decoders.1.bias', 'blocks.11.adapter_module.adapters.0.group_ae.decoders.2.weight', 'blocks.11.adapter_module.adapters.0.group_ae.decoders.2.bias', 'blocks.11.adapter_module.adapters.0.group_ae.decoders.3.weight', 'blocks.11.adapter_module.adapters.0.group_ae.decoders.3.bias'], unexpected_keys=['head.bias', 'head.weight'])wandb: [wandb.login()] Loaded credentials for https://api.wandb.ai from /home/su09/.netrc.
wandb: Currently logged in as: 2363299334 (-soochow-university) to https://api.wandb.ai. Use `wandb login --relogin` to force relogin
wandb: WARNING Using a boolean value for 'reinit' is deprecated. Use 'return_previous' or 'finish_previous' instead.
wandb: setting up run plmetd7h
wandb: Tracking run with wandb version 0.26.1
wandb: Run data is saved locally in /sdd1/syc/My_code/LiF-CL/Lie-Group-FiberCL/wandb/run-20260518_185523-plmetd7h
wandb: Run `wandb offline` to turn off syncing.
wandb: Syncing run logs_sparse_geo_moe_cifar100_0_10_reproduce_1993_pretrained_vit_b16_224_adapter
wandb: ⭐️ View project at https://wandb.ai/-soochow-university/LiF-CL
wandb: 🚀 View run at https://wandb.ai/-soochow-university/LiF-CL/runs/plmetd7h


╔══════════════════════════════════════════════════════════════════════════════╗
║  Model Structure                                                             ║
╠══════════════════════════════════════════════════════════════════════════════╣
║── Components ────────────────────────────────────────────────────────────────║
║  backbone            ViT-B/16 + SEMA blocks     FROZEN       87,067,902 params                   ║
║    adapters          0 layers, 0 adapters                           0 params                     ║
║  classifier          Linear  768 -> 100            TRAINABLE              0 params               ║
║                                                                                                  ║
║  TOTAL                 87,067,902 params     trainable: 1,269,246 (1%)                           ║
║                                                                                                  ║
║── SEMA Config ───────────────────────────────────────────────────────────────║
║  adapt-layers        L9 -> L11  (3 layers)                                                       ║
║  exp-threshold       z-score > 1.0                                                               ║
║  rd-dim              128                                                                         ║
║  replay              OFF                                                                         ║
║  tasks               10                                                                          ║
╚══════════════════════════════════════════════════════════════════════════════╝


╔══════════════════════════════════════════════════════════════════════════════╗
║  Hyperparameters                                                             ║
╠══════════════════════════════════════════════════════════════════════════════╣
║── Experiment ────────────────────────────────────────────────────────────────║
║  method              sparse_geo_moe                                                              ║
║  device              cuda:7                                                                      ║
║  seed                1993                                                                        ║
║  save-root           ./checkpoints                                                               ║
║                                                                                                  ║
║── Dataset ───────────────────────────────────────────────────────────────────║
║  dataset             cifar100  (100 classes, 10 tasks x 10/task)                                 ║
║  img-size            224                                                                         ║
║  data-root           <auto>                                                                      ║
║                                                                                                  ║
║── Model — SEMA ──────────────────────────────────────────────────────────────║
║  backbone            vit-b16-224  pretrained=True  dim=768  FROZEN                               ║
║  adapters            init=1/layer  bottleneck=16  detect=L9-L11                                  ║
║  rd-dim              128                                                                         ║
║  exp-threshold       z > 1.0                                                                     ║
║  classifier          linear  768 -> 100                                                          ║
║                                                                                                  ║
║── Training ──────────────────────────────────────────────────────────────────║
║  optimizer           sgd                                                                         ║
║  lr                  func=0.005  rd=0.01                                                         ║
║  weight-decay        0.0005                                                                      ║
║  batch-size          32                                                                          ║
║  epochs              func=5  rd=20                                                               ║
║  min-lr              0                                                                           ║
║  amp                 True                                                                        ║
║                                                                                                  ║
║── Loss ──────────────────────────────────────────────────────────────────────║
║  CE  (func)          1.0                                                                         ║
║  RD  (rd)            1.0                                                                         ║
╚══════════════════════════════════════════════════════════════════════════════╝

2026-05-18 18:55:25,595 [main.py] => All params: 87067902
2026-05-18 18:55:25,595 [main.py] => Trainable params: 1269246
2026-05-18 18:55:25,597 [sparse_geo_moe.py] => Learning on 0-10
87,144,802 total parameters.
1,346,146 training parameters.
  0%|          | 0/5 [00:00<?, ?it/s]func Task 0, Epoch 1/5 => Loss 0.482, Train_accy 84.78, Test_accy 97.80:   0%|          | 0/5 [02:40<?, ?it/s]func Task 0, Epoch 1/5 => Loss 0.482, Train_accy 84.78, Test_accy 97.80:  20%|██        | 1/5 [02:40<10:42, 160.61s/it]